hlcsg v3.4 VL34 64-bit (Aug 17 2015)
Zoner's Half-Life Compilation Tools -- Custom Build
Based on code modifications by Sean 'Zoner' Cavanaugh
Based on Valve's version, modified with permission.
Submit detailed bug reports to (vluzacn@163.com)
-----  BEGIN  hlcsg -----
Command line: "C:/Program Files/J.A.C.K./halflife/hlcsg.exe" C:\Half.Life.v2023.12.01\Half.Life.v2023.12.01\deathrun\maps\ma_map 
Arguments: C:\Half.Life.v2023.12.01\Half.Life.v2023.12.01\deathrun\maps\ma_map -low -wadautodetect 
Entering C:\Half.Life.v2023.12.01\Half.Life.v2023.12.01\deathrun\maps\ma_map.map

Current hlcsg Settings
Name                 |  Setting  |  Default
---------------------|-----------|-------------------------
threads               [      20 ] [  Varies ]
verbose               [     off ] [     off ]
log                   [      on ] [      on ]
reset logfile         [      on ] [      on ]
developer             [       0 ] [       0 ]
chart                 [     off ] [     off ]
estimate              [     off ] [     off ]
max texture memory    [ 33554432 ] [ 33554432 ]
max lighting memory   [ 50331648 ] [ 50331648 ]
priority              [     Low ] [  Normal ]

noclip                [     off ] [     off ]
null texture stripping[      on ] [      on ]
clipnode economy mode [     off ] [     off ]
clip hull type        [  simple ] [  simple ]
onlyents              [     off ] [     off ]
wadtextures           [      on ] [      on ]
skyclip               [      on ] [      on ]
hullfile              [    None ] [    None ]
wad configuration file[    None ] [    None ]
wad.cfg group name    [    None ] [    None ]
nullfile              [    None ] [    None ]
nullify trigger       [      on ] [      on ]
min surface area      [   0.000 ] [   0.000 ]
brush union threshold [   0.000 ] [   0.000 ]
map scaling           [    None ] [    None ]
light name optimize   [      on ] [      on ]
convert game_text     [      on ] [      on ]

Using mapfile wad configuration
Wadfiles not in use by the map will be excluded
Wadinclude list :
[zhlt.wad]

CreateBrush:
 (0.00 seconds)
CSGBrush:
 (0.04 seconds)

added 1 additional animating textures.
Using Wadfile: /Half.Life.v2023.12.01/Half.Life.v2023.12.01/valve/halflife.wad
 - Contains 10 used textures, 100.00 percent of map (3116 textures in wad)

Wad files required to run the map: "halflife.wad;"
Texture usage is at 0.20 mb (of 32.00 mb MAX)
0.09 seconds elapsed

-----   END   hlcsg -----



hlbsp v3.4 VL34 64-bit (Aug 17 2015)
Zoner's Half-Life Compilation Tools -- Custom Build
Based on code modifications by Sean 'Zoner' Cavanaugh
Based on Valve's version, modified with permission.
Submit detailed bug reports to (vluzacn@163.com)
-----  BEGIN  hlbsp -----
Command line: "C:/Program Files/J.A.C.K./halflife/hlbsp.exe" C:\Half.Life.v2023.12.01\Half.Life.v2023.12.01\deathrun\maps\ma_map 
Arguments: C:\Half.Life.v2023.12.01\Half.Life.v2023.12.01\deathrun\maps\ma_map -low -chart 

Current hlbsp Settings
Name               |  Setting  |  Default
-------------------|-----------|-------------------------
threads             [      20 ] [  Varies ]
verbose             [     off ] [     off ]
log                 [      on ] [      on ]
developer           [       0 ] [       0 ]
chart               [      on ] [     off ]
estimate            [     off ] [     off ]
max texture memory  [ 33554432 ] [ 33554432 ]
priority            [     Low ] [  Normal ]

noclip              [     off ] [     off ]
nofill              [     off ] [     off ]
noinsidefill        [     off ] [     off ]
noopt               [     off ] [     off ]
no clipnode merging [     off ] [     off ]
null tex. stripping [      on ] [      on ]
notjunc             [     off ] [     off ]
nobrink             [     off ] [     off ]
subdivide size      [     240 ] [     240 ] (Min 64) (Max 512)
max node size       [    1024 ] [    1024 ] (Min 64) (Max 65536)
remove hull 2       [     off ] [     off ]


SolidBSP [hull 0] 430 (0.02 seconds)
BSP generation successful, writing portal file 'C:\Half.Life.v2023.12.01\Half.Life.v2023.12.01\deathrun\maps\ma_map.prt'
SolidBSP [hull 1] 472 (0.03 seconds)
SolidBSP [hull 2] 500...514 (0.03 seconds)
SolidBSP [hull 3] 469 (0.03 seconds)
Reduced 1351 clipnodes to 1300
Reduced 141 texinfos to 120
Reduced 10 texdatas to 10 (444 bytes to 444)
Reduced 1094 planes to 501
FixBrinks:
Increased 1300 clipnodes to 1310.

Object names  Objects/Maxobjs  Memory / Maxmem  Fullness
------------  ---------------  ---------------  --------
models             12/512          768/32768    ( 2.3%)
planes            501/32768      10020/655360   ( 1.5%)
vertexes         1393/65535      16716/786420   ( 2.1%)
nodes             416/32767       9984/786408   ( 1.3%)
texinfos          120/32767       4800/1310680  ( 0.4%)
faces            1063/65535      21260/1310700  ( 1.6%)
* worldfaces      997/32768          0/0        ( 3.0%)
clipnodes        1310/32767      10480/262136   ( 4.0%)
leaves            320/32760       8960/917280   ( 1.0%)
* worldleaves     253/8192           0/0        ( 3.1%)
marksurfaces     1520/65535       3040/131070   ( 2.3%)
surfedges        4720/512000     18880/2048000  ( 0.9%)
edges            2361/256000      9444/1024000  ( 0.9%)
texdata          [variable]        444/33554432 ( 0.0%)
lightdata        [variable]          0/50331648 ( 0.0%)
visdata          [variable]          0/8388608  ( 0.0%)
entdata          [variable]       3847/2097152  ( 0.2%)
* AllocBlock        6/64             0/0        ( 9.4%)
10 textures referenced
=== Total BSP file data space used: 118643 bytes ===
Wad files required to run the map: "halflife.wad;"
0.24 seconds elapsed

-----   END   hlbsp -----



hlvis v3.4 VL34 64-bit (Aug 17 2015)
Zoner's Half-Life Compilation Tools -- Custom Build
Based on code modifications by Sean 'Zoner' Cavanaugh
Based on Valve's version, modified with permission.
Submit detailed bug reports to (vluzacn@163.com)
-----  BEGIN  hlvis -----
Command line: "C:/Program Files/J.A.C.K./halflife/hlvis.exe" C:\Half.Life.v2023.12.01\Half.Life.v2023.12.01\deathrun\maps\ma_map 
Arguments: C:\Half.Life.v2023.12.01\Half.Life.v2023.12.01\deathrun\maps\ma_map -low 
 253 portalleafs
1088 numportals

-= Current hlvis Settings =-
Name               |  Setting  |  Default
-------------------|-----------|-------------------------
threads             [      20 ] [  Varies ]
verbose             [     off ] [     off ]
log                 [      on ] [      on ]
developer           [       0 ] [       0 ]
chart               [     off ] [     off ]
estimate            [     off ] [     off ]
max texture memory  [ 33554432 ] [ 33554432 ]
max vis distance    [       0 ] [       0 ]
priority            [     Low ] [  Normal ]

fast vis            [     off ] [     off ]
full vis            [     off ] [     off ]


BasePortalVis:
 (0.01 seconds)
LeafThread:
 (3.90 seconds)
average leafs visible: 220
g_visdatasize:7959  compressed from 8096
3.92 seconds elapsed

-----   END   hlvis -----



hlrad v3.4 VL34 64-bit (Aug 17 2015)
Zoner's Half-Life Compilation Tools -- Custom Build
Based on code modifications by Sean 'Zoner' Cavanaugh
Based on Valve's version, modified with permission.
Submit detailed bug reports to (vluzacn@163.com)
-----  BEGIN  hlrad -----
Command line: "C:/Program Files/J.A.C.K./halflife/hlrad.exe" C:\Half.Life.v2023.12.01\Half.Life.v2023.12.01\deathrun\maps\ma_map 
Arguments: C:\Half.Life.v2023.12.01\Half.Life.v2023.12.01\deathrun\maps\ma_map -low 

-= Current hlrad Settings =-
Name                | Setting             | Default
--------------------|---------------------|-------------------------
threads              [                20 ] [            Varies ]
verbose              [               off ] [               off ]
log                  [                on ] [                on ]
developer            [                 0 ] [                 0 ]
chart                [               off ] [               off ]
estimate             [               off ] [               off ]
max texture memory   [          33554432 ] [          33554432 ]
max lighting memory  [          50331648 ] [          50331648 ]
priority             [               Low ] [            Normal ]

fast rad             [               off ] [               off ]
vismatrix algorithm  [            Sparse ] [            Sparse ]
oversampling (-extra)[               off ] [               off ]
bounces              [                 8 ] [                 8 ]
ambient light        [ 0.000 0.000 0.000 ] [ 0.000 0.000 0.000 ]
light limit threshold[           188.000 ] [           188.000 ]
circus mode          [               off ] [               off ]

smoothing threshold  [            50.000 ] [            50.000 ]
smoothing threshold 2[         no change ] [         no change ]
direct threshold     [            10.000 ] [            10.000 ]
direct light scale   [             1.000 ] [             1.000 ]
coring threshold     [             0.010 ] [             0.010 ]
patch interpolation  [                on ] [                on ]

texscale             [                on ] [                on ]
patch subdividing    [                on ] [                on ]
chop value           [            64.000 ] [            64.000 ]
texchop value        [            32.000 ] [            32.000 ]

global fade          [             1.000 ] [             1.000 ]
global texlight gap  [             0.000 ] [             0.000 ]
global light scale   [ 2.000 2.000 2.000 ] [ 2.000 2.000 2.000 ]
global gamma         [ 0.550 0.550 0.550 ] [ 0.550 0.550 0.550 ]
global light scale   [             2.000 ] [             2.000 ]
global sky diffusion [             1.000 ] [             1.000 ]

spread angles        [                on ] [                on ]
opaque entities      [                on ] [                on ]
sky lighting fix     [                on ] [                on ]
incremental          [               off ] [               off ]
dump                 [               off ] [               off ]

colour jitter        [       0.0 0.0 0.0 ] [       0.0 0.0 0.0 ]
monochromatic jitter [       0.0 0.0 0.0 ] [       0.0 0.0 0.0 ]

custom shadows with bounce light
                     [               off ] [               off ]
rgb transfers        [               off ] [               off ]
minimum final light  [                 0 ] [                 0 ]
size of transfer     [         1 (16bit) ] [         1 (16bit) ]
size of rgbtransfer  [         2 (32bit) ] [         2 (32bit) ]
soft sky             [                on ] [                on ]
translucent depth    [             2.000 ] [             2.000 ]
block opaque         [                on ] [                on ]
ignore textures      [               off ] [               off ]
reflectivity gamma   [             1.760 ] [             1.760 ]
reflectivity scale   [             0.700 ] [             0.700 ]
blur size            [             1.500 ] [             1.500 ]
no emitter range     [               off ] [               off ]
wall bleeding fix    [                on ] [                on ]


Load Textures:
Using Wadfile: C:\Half.Life.v2023.12.01\Half.Life.v2023.12.01\deathrun\maps\ma_map.wa_
10 textures referenced
Reading texlights from 'C:\Program Files\J.A.C.K\halflife\lights.rad'
0 opaque models
0 opaque faces
1063 faces
Create Patches : 6076 base patches
125315 square feet [18045434.00 square inches]
9 direct lights and 0 fast direct lights
1 light styles

FindFacePositions:
 (0.10 seconds)
BuildFacelights:
 (0.19 seconds)
BuildVisLeafs:
 (0.37 seconds)
visibility matrix   :   4.0 megs
MakeScales:
 (0.25 seconds)
Transfer Lists :    10623184 :    10.62M transfers
       Indices :     4432368 :     4.23M bytes
          Data :    21264554 :    20.28M bytes
Bounce 1 GatherLight:
 (0.04 seconds)
Bounce 2 GatherLight:
 (0.04 seconds)
Bounce 3 GatherLight:
 (0.04 seconds)
Bounce 4 GatherLight:
 (0.04 seconds)
Bounce 5 GatherLight:
 (0.04 seconds)
Bounce 6 GatherLight:
 (0.04 seconds)
Bounce 7 GatherLight:
 (0.04 seconds)
Bounce 8 GatherLight:
 (0.03 seconds)
CreateTriangulations:
 (0.01 seconds)
AddPatchLights:
 (0.33 seconds)
FinalLightFace:
 (0.00 seconds)
1.70 seconds elapsed

-----   END   hlrad -----



